<?xml version="1.0" encoding="UTF-8"?>
<!-- Generated by org.testng.reporters.JUnitXMLReporter -->
<testsuite hostname="niranjans-mbp.lan" name="Sample test" tests="8" failures="0" timestamp="16 Feb 2021 03:24:18 GMT" time="49.14" errors="0">
  <testcase name="loginPageTitleTest" time="0.019" classname="com.qa.tests.LoginPageTests"/>
  <testcase name="verifyHomePageTitle" time="0.005" classname="com.qa.tests.HomePageTests"/>
  <testcase name="verifyContactsLabel" time="0.035" classname="com.qa.tests.ContactsPageTests"/>
  <testcase name="loginTest" time="2.743" classname="com.qa.tests.LoginPageTests"/>
  <testcase name="verifyUsernameTest" time="0.056" classname="com.qa.tests.HomePageTests"/>
  <testcase name="verifySingleContactsCheckbox" time="1.078" classname="com.qa.tests.ContactsPageTests"/>
  <testcase name="verifyDealsLinkTest" time="0.053" classname="com.qa.tests.HomePageTests"/>
  <testcase name="verifyContactsLinkTest" time="1.28" classname="com.qa.tests.HomePageTests"/>
</testsuite> <!-- Sample test -->
